Using pre-set license
Built from '2020.3/staging' branch; Version is '2020.3.5f1 (8095aa901b9b) revision 8426922'; Using compiler version '192528614'; Build Type 'Release'
OS: 'Windows 10 Pro; OS build 22000.795; Version 2009; 64bit' Language: 'en' Physical Memory: 8110 MB
BatchMode: 1, IsHumanControllingUs: 0, StartBugReporterOnCrash: 0, Is64bit: 1, IsPro: 0

 COMMAND LINE ARGUMENTS:
C:\Users\bridg\Desktop\Unity Versions\Unity\2020.3.5f1\Editor\Unity.exe
-adb2
-batchMode
-noUpm
-name
AssetImportWorker0
-projectPath
C:/Users/bridg/Desktop/Git Uploads/UIProgramming/GUITutorial/GUIGame
-logFile
Logs/AssetImportWorker0.log
-srvPort
56408
Successfully changed project path to: C:/Users/bridg/Desktop/Git Uploads/UIProgramming/GUITutorial/GUIGame
C:/Users/bridg/Desktop/Git Uploads/UIProgramming/GUITutorial/GUIGame
Using Asset Import Pipeline V2.
Refreshing native plugins compatible for Editor in 62.13 ms, found 0 plugins.
Preloading 0 native plugins for Editor in 0.00 ms.
Initialize engine version: 2020.3.5f1 (8095aa901b9b)
[Subsystems] Discovering subsystems at path C:/Users/bridg/Desktop/Unity Versions/Unity/2020.3.5f1/Editor/Data/Resources/UnitySubsystems
[Subsystems] Discovering subsystems at path C:/Users/bridg/Desktop/Git Uploads/UIProgramming/GUITutorial/GUIGame/Assets
GfxDevice: creating device client; threaded=0
Direct3D:
    Version:  Direct3D 11.0 [level 11.1]
    Renderer: NVIDIA GeForce GTX 1050 (ID=0x1c8d)
    Vendor:   
    VRAM:     4021 MB
    Driver:   30.0.15.1215
Initialize mono
Mono path[0] = 'C:/Users/bridg/Desktop/Unity Versions/Unity/2020.3.5f1/Editor/Data/Managed'
Mono path[1] = 'C:/Users/bridg/Desktop/Unity Versions/Unity/2020.3.5f1/Editor/Data/MonoBleedingEdge/lib/mono/unityjit'
Mono config path = 'C:/Users/bridg/Desktop/Unity Versions/Unity/2020.3.5f1/Editor/Data/MonoBleedingEdge/etc'
Using monoOptions --debugger-agent=transport=dt_socket,embedding=1,server=y,suspend=n,address=127.0.0.1:56620
Begin MonoManager ReloadAssembly
Registering precompiled unity dll's ...
Register platform support module: C:/Users/bridg/Desktop/Unity Versions/Unity/2020.3.5f1/Editor/Data/PlaybackEngines/WebGLSupport/UnityEditor.WebGL.Extensions.dll
Register platform support module: C:/Users/bridg/Desktop/Unity Versions/Unity/2020.3.5f1/Editor/Data/PlaybackEngines/MacStandaloneSupport/UnityEditor.OSXStandalone.Extensions.dll
Register platform support module: C:/Users/bridg/Desktop/Unity Versions/Unity/2020.3.5f1/Editor/Data/PlaybackEngines/WindowsStandaloneSupport/UnityEditor.WindowsStandalone.Extensions.dll
Register platform support module: C:/Users/bridg/Desktop/Unity Versions/Unity/2020.3.5f1/Editor/Data/PlaybackEngines/LinuxStandaloneSupport/UnityEditor.LinuxStandalone.Extensions.dll
Register platform support module: C:/Users/bridg/Desktop/Unity Versions/Unity/2020.3.5f1/Editor/Data/PlaybackEngines/LuminSupport/UnityEditor.Lumin.Extensions.dll
Registered in 0.011534 seconds.
Native extension for Lumin target not found
Native extension for LinuxStandalone target not found
Native extension for WindowsStandalone target not found
Native extension for OSXStandalone target not found
Native extension for WebGL target not found
Refreshing native plugins compatible for Editor in 24.21 ms, found 0 plugins.
Preloading 0 native plugins for Editor in 0.00 ms.
Mono: successfully reloaded assembly
- Completed reload, in  7.673 seconds
Platform modules already initialized, skipping
Registering precompiled user dll's ...
Registered in 0.002683 seconds.
Begin MonoManager ReloadAssembly
Native extension for Lumin target not found
Native extension for LinuxStandalone target not found
Native extension for WindowsStandalone target not found
Native extension for OSXStandalone target not found
Native extension for WebGL target not found
Refreshing native plugins compatible for Editor in 0.21 ms, found 0 plugins.
Preloading 0 native plugins for Editor in 0.00 ms.
Mono: successfully reloaded assembly
- Completed reload, in  0.903 seconds
Platform modules already initialized, skipping
========================================================================
Worker process is ready to serve import requests
Launched and connected shader compiler UnityShaderCompiler.exe after 0.07 seconds
Refreshing native plugins compatible for Editor in 0.22 ms, found 0 plugins.
Preloading 0 native plugins for Editor in 0.00 ms.
Unloading 1162 Unused Serialized files (Serialized files now loaded: 0)
System memory in use before: 60.2 MB.
System memory in use after: 60.2 MB.

Unloading 10 unused Assets to reduce memory usage. Loaded Objects now: 1605.
Total: 4.570500 ms (FindLiveObjects: 0.225500 ms CreateObjectMapping: 0.074600 ms MarkObjects: 3.983500 ms  DeleteObjects: 0.285200 ms)

========================================================================
Received Import Request.
  path: Assets/Scripts
  artifactKey: Guid(32f80bf9e8703354d8ac09c937ca6f7d) Importer(815301076,1909f56bfc062723c751e8b465ee728b)
Start importing Assets/Scripts using Guid(32f80bf9e8703354d8ac09c937ca6f7d) Importer(815301076,1909f56bfc062723c751e8b465ee728b)  -> (artifact id: '6b57528f35a4106464107ca030532921') in 0.004676 seconds
  Import took 0.007374 seconds .

========================================================================
Received Import Request.
  Time since last request: 6.997123 seconds.
  path: Assets/Scripts/Button.cs
  artifactKey: Guid(56eec0cf95ff86e43bbf9f9bd7a4066a) Importer(815301076,1909f56bfc062723c751e8b465ee728b)
Start importing Assets/Scripts/Button.cs using Guid(56eec0cf95ff86e43bbf9f9bd7a4066a) Importer(815301076,1909f56bfc062723c751e8b465ee728b)  -> (artifact id: '838c2619a85eec5e348d02aa5d744b9a') in 0.033871 seconds
  Import took 0.036141 seconds .

========================================================================
Received Prepare
Registering precompiled user dll's ...
Registered in 0.000712 seconds.
Begin MonoManager ReloadAssembly
Native extension for Lumin target not found
Native extension for LinuxStandalone target not found
Native extension for WindowsStandalone target not found
Native extension for OSXStandalone target not found
Native extension for WebGL target not found
Refreshing native plugins compatible for Editor in 0.22 ms, found 0 plugins.
Preloading 0 native plugins for Editor in 0.00 ms.
Mono: successfully reloaded assembly
- Completed reload, in  0.862 seconds
Platform modules already initialized, skipping
Refreshing native plugins compatible for Editor in 0.21 ms, found 0 plugins.
Preloading 0 native plugins for Editor in 0.00 ms.
Unloading 1145 Unused Serialized files (Serialized files now loaded: 0)
System memory in use before: 58.9 MB.
System memory in use after: 58.9 MB.

Unloading 5 unused Assets to reduce memory usage. Loaded Objects now: 1609.
Total: 1.842800 ms (FindLiveObjects: 0.145500 ms CreateObjectMapping: 0.037100 ms MarkObjects: 1.606600 ms  DeleteObjects: 0.052300 ms)

========================================================================
Received Prepare
Registering precompiled user dll's ...
Registered in 0.000824 seconds.
Begin MonoManager ReloadAssembly
Native extension for Lumin target not found
Native extension for LinuxStandalone target not found
Native extension for WindowsStandalone target not found
Native extension for OSXStandalone target not found
Native extension for WebGL target not found
Refreshing native plugins compatible for Editor in 0.22 ms, found 0 plugins.
Preloading 0 native plugins for Editor in 0.00 ms.
Mono: successfully reloaded assembly
- Completed reload, in  0.794 seconds
Platform modules already initialized, skipping
Refreshing native plugins compatible for Editor in 0.21 ms, found 0 plugins.
Preloading 0 native plugins for Editor in 0.00 ms.
Unloading 1145 Unused Serialized files (Serialized files now loaded: 0)
System memory in use before: 58.9 MB.
System memory in use after: 59.0 MB.

Unloading 5 unused Assets to reduce memory usage. Loaded Objects now: 1612.
Total: 1.665500 ms (FindLiveObjects: 0.147100 ms CreateObjectMapping: 0.032000 ms MarkObjects: 1.429300 ms  DeleteObjects: 0.055300 ms)

========================================================================
Received Import Request.
  Time since last request: 296.046537 seconds.
  path: Assets/Scripts/ButtonList.cs
  artifactKey: Guid(8b9da2c2efb5665449f7542d766b7c86) Importer(815301076,1909f56bfc062723c751e8b465ee728b)
Start importing Assets/Scripts/ButtonList.cs using Guid(8b9da2c2efb5665449f7542d766b7c86) Importer(815301076,1909f56bfc062723c751e8b465ee728b)  -> (artifact id: '2ce703be69c8cd5777a66df2a25429bf') in 0.005730 seconds
  Import took 0.008390 seconds .

========================================================================
Received Import Request.
  Time since last request: 0.000563 seconds.
  path: Assets/Scripts/ButtonList.cs
  artifactKey: Guid(8b9da2c2efb5665449f7542d766b7c86) Importer(815301076,1909f56bfc062723c751e8b465ee728b)
Start importing Assets/Scripts/ButtonList.cs using Guid(8b9da2c2efb5665449f7542d766b7c86) Importer(815301076,1909f56bfc062723c751e8b465ee728b)  -> (artifact id: '2ce703be69c8cd5777a66df2a25429bf') in 0.002410 seconds
  Import took 0.005151 seconds .

========================================================================
Received Prepare
Registering precompiled user dll's ...
Registered in 0.001661 seconds.
Begin MonoManager ReloadAssembly
Native extension for Lumin target not found
Native extension for LinuxStandalone target not found
Native extension for WindowsStandalone target not found
Native extension for OSXStandalone target not found
Native extension for WebGL target not found
Refreshing native plugins compatible for Editor in 0.20 ms, found 0 plugins.
Preloading 0 native plugins for Editor in 0.00 ms.
Mono: successfully reloaded assembly
- Completed reload, in  0.999 seconds
Platform modules already initialized, skipping
Refreshing native plugins compatible for Editor in 0.29 ms, found 0 plugins.
Preloading 0 native plugins for Editor in 0.00 ms.
Unloading 1146 Unused Serialized files (Serialized files now loaded: 0)
System memory in use before: 58.9 MB.
System memory in use after: 59.0 MB.

Unloading 5 unused Assets to reduce memory usage. Loaded Objects now: 1616.
Total: 7.157100 ms (FindLiveObjects: 0.423100 ms CreateObjectMapping: 0.157000 ms MarkObjects: 6.387500 ms  DeleteObjects: 0.186400 ms)

========================================================================
Received Prepare
Registering precompiled user dll's ...
Registered in 0.000837 seconds.
Begin MonoManager ReloadAssembly
Native extension for Lumin target not found
Native extension for LinuxStandalone target not found
Native extension for WindowsStandalone target not found
Native extension for OSXStandalone target not found
Native extension for WebGL target not found
Refreshing native plugins compatible for Editor in 0.23 ms, found 0 plugins.
Preloading 0 native plugins for Editor in 0.00 ms.
Mono: successfully reloaded assembly
- Completed reload, in  0.874 seconds
Platform modules already initialized, skipping
Refreshing native plugins compatible for Editor in 0.24 ms, found 0 plugins.
Preloading 0 native plugins for Editor in 0.00 ms.
Unloading 1146 Unused Serialized files (Serialized files now loaded: 0)
System memory in use before: 59.0 MB.
System memory in use after: 59.0 MB.

Unloading 5 unused Assets to reduce memory usage. Loaded Objects now: 1619.
Total: 1.905500 ms (FindLiveObjects: 0.168600 ms CreateObjectMapping: 0.044300 ms MarkObjects: 1.631400 ms  DeleteObjects: 0.060000 ms)

========================================================================
Received Import Request.
  Time since last request: 435.311462 seconds.
  path: Assets/Scripts/ButtonList.cs
  artifactKey: Guid(8b9da2c2efb5665449f7542d766b7c86) Importer(815301076,1909f56bfc062723c751e8b465ee728b)
Start importing Assets/Scripts/ButtonList.cs using Guid(8b9da2c2efb5665449f7542d766b7c86) Importer(815301076,1909f56bfc062723c751e8b465ee728b)  -> (artifact id: '15e28c7d9a78a882e32f5ab55231609f') in 0.003914 seconds
  Import took 0.006775 seconds .

========================================================================
Received Import Request.
  Time since last request: 264.317281 seconds.
  path: Assets/Scripts/Player.cs
  artifactKey: Guid(e7f2c3418c8a07e4aa50aa4004cdd0d1) Importer(815301076,1909f56bfc062723c751e8b465ee728b)
Start importing Assets/Scripts/Player.cs using Guid(e7f2c3418c8a07e4aa50aa4004cdd0d1) Importer(815301076,1909f56bfc062723c751e8b465ee728b)  -> (artifact id: 'e12a89d286501af862092b4851560edd') in 0.004484 seconds
  Import took 0.008148 seconds .

========================================================================
Received Prepare
Registering precompiled user dll's ...
Registered in 0.000741 seconds.
Begin MonoManager ReloadAssembly
Native extension for Lumin target not found
Native extension for LinuxStandalone target not found
Native extension for WindowsStandalone target not found
Native extension for OSXStandalone target not found
Native extension for WebGL target not found
Refreshing native plugins compatible for Editor in 0.22 ms, found 0 plugins.
Preloading 0 native plugins for Editor in 0.00 ms.
Mono: successfully reloaded assembly
- Completed reload, in  0.991 seconds
Platform modules already initialized, skipping
Refreshing native plugins compatible for Editor in 0.23 ms, found 0 plugins.
Preloading 0 native plugins for Editor in 0.00 ms.
Unloading 1147 Unused Serialized files (Serialized files now loaded: 0)
System memory in use before: 59.0 MB.
System memory in use after: 59.1 MB.

Unloading 5 unused Assets to reduce memory usage. Loaded Objects now: 1623.
Total: 5.358700 ms (FindLiveObjects: 0.414100 ms CreateObjectMapping: 0.146700 ms MarkObjects: 4.654800 ms  DeleteObjects: 0.139900 ms)

========================================================================
Received Prepare
Registering precompiled user dll's ...
Registered in 0.001173 seconds.
Begin MonoManager ReloadAssembly
Native extension for Lumin target not found
Native extension for LinuxStandalone target not found
Native extension for WindowsStandalone target not found
Native extension for OSXStandalone target not found
Native extension for WebGL target not found
Refreshing native plugins compatible for Editor in 0.21 ms, found 0 plugins.
Preloading 0 native plugins for Editor in 0.00 ms.
Mono: successfully reloaded assembly
- Completed reload, in  0.894 seconds
Platform modules already initialized, skipping
Refreshing native plugins compatible for Editor in 0.22 ms, found 0 plugins.
Preloading 0 native plugins for Editor in 0.00 ms.
Unloading 1147 Unused Serialized files (Serialized files now loaded: 0)
System memory in use before: 59.0 MB.
System memory in use after: 59.1 MB.

Unloading 5 unused Assets to reduce memory usage. Loaded Objects now: 1626.
Total: 1.787900 ms (FindLiveObjects: 0.145100 ms CreateObjectMapping: 0.037100 ms MarkObjects: 1.553000 ms  DeleteObjects: 0.051500 ms)

========================================================================
Received Import Request.
  Time since last request: 96.091173 seconds.
  path: Assets/Scripts/Player.cs
  artifactKey: Guid(e7f2c3418c8a07e4aa50aa4004cdd0d1) Importer(815301076,1909f56bfc062723c751e8b465ee728b)
Start importing Assets/Scripts/Player.cs using Guid(e7f2c3418c8a07e4aa50aa4004cdd0d1) Importer(815301076,1909f56bfc062723c751e8b465ee728b)  -> (artifact id: '3db403041de13871e09e350027afb9ef') in 0.004064 seconds
  Import took 0.006690 seconds .

========================================================================
Received Import Request.
  Time since last request: 224.278917 seconds.
  path: Assets/Scripts/MenuUI.cs
  artifactKey: Guid(c6d471c8bc180ea4188f98183f32a2b4) Importer(815301076,1909f56bfc062723c751e8b465ee728b)
Start importing Assets/Scripts/MenuUI.cs using Guid(c6d471c8bc180ea4188f98183f32a2b4) Importer(815301076,1909f56bfc062723c751e8b465ee728b)  -> (artifact id: 'd0247defc91f13c693a65c867f44841c') in 0.004202 seconds
  Import took 0.008427 seconds .

========================================================================
Received Prepare
Registering precompiled user dll's ...
Registered in 0.000938 seconds.
Begin MonoManager ReloadAssembly
Native extension for Lumin target not found
Native extension for LinuxStandalone target not found
Native extension for WindowsStandalone target not found
Native extension for OSXStandalone target not found
Native extension for WebGL target not found
Refreshing native plugins compatible for Editor in 0.41 ms, found 0 plugins.
Preloading 0 native plugins for Editor in 0.00 ms.
Mono: successfully reloaded assembly
- Completed reload, in  3.186 seconds
Platform modules already initialized, skipping
Refreshing native plugins compatible for Editor in 0.45 ms, found 0 plugins.
Preloading 0 native plugins for Editor in 0.00 ms.
Unloading 1148 Unused Serialized files (Serialized files now loaded: 0)
System memory in use before: 59.0 MB.
System memory in use after: 59.1 MB.

Unloading 5 unused Assets to reduce memory usage. Loaded Objects now: 1630.
Total: 4.301400 ms (FindLiveObjects: 0.357600 ms CreateObjectMapping: 0.143800 ms MarkObjects: 3.665300 ms  DeleteObjects: 0.132000 ms)

========================================================================
Received Import Request.
  Time since last request: 22.147150 seconds.
  path: Assets/Scripts/Button.cs
  artifactKey: Guid(56eec0cf95ff86e43bbf9f9bd7a4066a) Importer(815301076,1909f56bfc062723c751e8b465ee728b)
Start importing Assets/Scripts/Button.cs using Guid(56eec0cf95ff86e43bbf9f9bd7a4066a) Importer(815301076,1909f56bfc062723c751e8b465ee728b)  -> (artifact id: '38b495fd9865c48bf2a51d0c08d486f2') in 0.011107 seconds
  Import took 0.015684 seconds .

========================================================================
Received Prepare
Registering precompiled user dll's ...
Registered in 0.000770 seconds.
Begin MonoManager ReloadAssembly
Native extension for Lumin target not found
Native extension for LinuxStandalone target not found
Native extension for WindowsStandalone target not found
Native extension for OSXStandalone target not found
Native extension for WebGL target not found
Refreshing native plugins compatible for Editor in 0.22 ms, found 0 plugins.
Preloading 0 native plugins for Editor in 0.00 ms.
Mono: successfully reloaded assembly
- Completed reload, in  0.848 seconds
Platform modules already initialized, skipping
Refreshing native plugins compatible for Editor in 0.23 ms, found 0 plugins.
Preloading 0 native plugins for Editor in 0.00 ms.
Unloading 1148 Unused Serialized files (Serialized files now loaded: 0)
System memory in use before: 59.0 MB.
System memory in use after: 59.1 MB.

Unloading 5 unused Assets to reduce memory usage. Loaded Objects now: 1633.
Total: 1.911700 ms (FindLiveObjects: 0.132400 ms CreateObjectMapping: 0.034900 ms MarkObjects: 1.661900 ms  DeleteObjects: 0.081200 ms)

AssetImportWorkerClient::OnTransportError - code=2 error=End of file
