Using pre-set license
Built from '2020.3/staging' branch; Version is '2020.3.5f1 (8095aa901b9b) revision 8426922'; Using compiler version '192528614'; Build Type 'Release'
OS: 'Windows 10 Education; OS build 19044.1288; Version 2009; 64bit' Language: 'en' Physical Memory: 32619 MB
BatchMode: 1, IsHumanControllingUs: 0, StartBugReporterOnCrash: 0, Is64bit: 1, IsPro: 0

 COMMAND LINE ARGUMENTS:
C:\Program Files\Unity\Hub\Editor\2020.3.5f1\Editor\Unity.exe
-adb2
-batchMode
-noUpm
-name
AssetImportWorker0
-projectPath
C:/Users/s213090/Documents/UIProgramming/DragAndDropShop
-logFile
Logs/AssetImportWorker0.log
-srvPort
50180
Successfully changed project path to: C:/Users/s213090/Documents/UIProgramming/DragAndDropShop
C:/Users/s213090/Documents/UIProgramming/DragAndDropShop
Using Asset Import Pipeline V2.
Refreshing native plugins compatible for Editor in 17.62 ms, found 0 plugins.
Preloading 0 native plugins for Editor in 0.00 ms.
Initialize engine version: 2020.3.5f1 (8095aa901b9b)
[Subsystems] Discovering subsystems at path C:/Program Files/Unity/Hub/Editor/2020.3.5f1/Editor/Data/Resources/UnitySubsystems
[Subsystems] Discovering subsystems at path C:/Users/s213090/Documents/UIProgramming/DragAndDropShop/Assets
GfxDevice: creating device client; threaded=0
Direct3D:
    Version:  Direct3D 11.0 [level 11.1]
    Renderer: NVIDIA GeForce RTX 3060 (ID=0x2504)
    Vendor:   
    VRAM:     12143 MB
    Driver:   30.0.14.9676
Initialize mono
Mono path[0] = 'C:/Program Files/Unity/Hub/Editor/2020.3.5f1/Editor/Data/Managed'
Mono path[1] = 'C:/Program Files/Unity/Hub/Editor/2020.3.5f1/Editor/Data/MonoBleedingEdge/lib/mono/unityjit'
Mono config path = 'C:/Program Files/Unity/Hub/Editor/2020.3.5f1/Editor/Data/MonoBleedingEdge/etc'
Using monoOptions --debugger-agent=transport=dt_socket,embedding=1,server=y,suspend=n,address=127.0.0.1:56964
Begin MonoManager ReloadAssembly
Registering precompiled unity dll's ...
Register platform support module: C:/Program Files/Unity/Hub/Editor/2020.3.5f1/Editor/Data/PlaybackEngines/WebGLSupport/UnityEditor.WebGL.Extensions.dll
Register platform support module: C:/Program Files/Unity/Hub/Editor/2020.3.5f1/Editor/Data/PlaybackEngines/WindowsStandaloneSupport/UnityEditor.WindowsStandalone.Extensions.dll
Registered in 0.001657 seconds.
Native extension for WindowsStandalone target not found
Native extension for WebGL target not found
Refreshing native plugins compatible for Editor in 18.14 ms, found 0 plugins.
Preloading 0 native plugins for Editor in 0.00 ms.
Mono: successfully reloaded assembly
- Completed reload, in  1.470 seconds
Platform modules already initialized, skipping
Registering precompiled user dll's ...
Registered in 0.000495 seconds.
Begin MonoManager ReloadAssembly
Native extension for WindowsStandalone target not found
Native extension for WebGL target not found
Refreshing native plugins compatible for Editor in 0.19 ms, found 0 plugins.
Preloading 0 native plugins for Editor in 0.00 ms.
Mono: successfully reloaded assembly
- Completed reload, in  0.626 seconds
Platform modules already initialized, skipping
========================================================================
Worker process is ready to serve import requests
Launched and connected shader compiler UnityShaderCompiler.exe after 0.02 seconds
Refreshing native plugins compatible for Editor in 0.20 ms, found 0 plugins.
Preloading 0 native plugins for Editor in 0.00 ms.
Unloading 1119 Unused Serialized files (Serialized files now loaded: 0)
System memory in use before: 57.0 MB.
System memory in use after: 57.1 MB.

Unloading 9 unused Assets to reduce memory usage. Loaded Objects now: 1562.
Total: 1.345400 ms (FindLiveObjects: 0.136500 ms CreateObjectMapping: 0.037800 ms MarkObjects: 1.127700 ms  DeleteObjects: 0.042800 ms)

========================================================================
Received Import Request.
  path: Assets/Scenes/Shop.unity
  artifactKey: Guid(76607370ef7d332479e69a2d101e38e0) Importer(815301076,1909f56bfc062723c751e8b465ee728b)
Start importing Assets/Scenes/Shop.unity using Guid(76607370ef7d332479e69a2d101e38e0) Importer(815301076,1909f56bfc062723c751e8b465ee728b)  -> (artifact id: '181c314cd283b1b52722cfd2d03b075a') in 0.010956 seconds
  Import took 0.012821 seconds .

========================================================================
Received Import Request.
  Time since last request: 0.000175 seconds.
  path: Assets/Scenes
  artifactKey: Guid(d6d8fab5f0c16ea47b574910fadb56ce) Importer(815301076,1909f56bfc062723c751e8b465ee728b)
Start importing Assets/Scenes using Guid(d6d8fab5f0c16ea47b574910fadb56ce) Importer(815301076,1909f56bfc062723c751e8b465ee728b)  -> (artifact id: '4fdc44031d67f32ddebc83d198fe86e2') in 0.005233 seconds
  Import took 0.006764 seconds .

========================================================================
Received Import Request.
  Time since last request: 169.959861 seconds.
  path: Assets/Scripts/Inventory.cs
  artifactKey: Guid(4d8ba13a17eaab543a03e854d2e11dd5) Importer(815301076,1909f56bfc062723c751e8b465ee728b)
Start importing Assets/Scripts/Inventory.cs using Guid(4d8ba13a17eaab543a03e854d2e11dd5) Importer(815301076,1909f56bfc062723c751e8b465ee728b)  -> (artifact id: '95ec4d12593b5df55cb7364d4726d8fe') in 0.016635 seconds
  Import took 0.018118 seconds .

========================================================================
Received Import Request.
  Time since last request: 9.972208 seconds.
  path: Assets/Scripts/InventoryUI.cs
  artifactKey: Guid(d8885e3af56b52e459659472552d05f1) Importer(815301076,1909f56bfc062723c751e8b465ee728b)
Start importing Assets/Scripts/InventoryUI.cs using Guid(d8885e3af56b52e459659472552d05f1) Importer(815301076,1909f56bfc062723c751e8b465ee728b)  -> (artifact id: '76dc18024791cb8cff9c41afda208c5e') in 0.004733 seconds
  Import took 0.006299 seconds .

========================================================================
Received Import Request.
  Time since last request: 0.001221 seconds.
  path: Assets/Scripts/InventoryUI.cs
  artifactKey: Guid(d8885e3af56b52e459659472552d05f1) Importer(815301076,1909f56bfc062723c751e8b465ee728b)
Start importing Assets/Scripts/InventoryUI.cs using Guid(d8885e3af56b52e459659472552d05f1) Importer(815301076,1909f56bfc062723c751e8b465ee728b)  -> (artifact id: '76dc18024791cb8cff9c41afda208c5e') in 0.001409 seconds
  Import took 0.002828 seconds .

========================================================================
Received Import Request.
  Time since last request: 2.724572 seconds.
  path: Assets/Scripts/ShopItem.cs
  artifactKey: Guid(fdeed3ca60b65a0468cf96f34aa42abb) Importer(815301076,1909f56bfc062723c751e8b465ee728b)
Start importing Assets/Scripts/ShopItem.cs using Guid(fdeed3ca60b65a0468cf96f34aa42abb) Importer(815301076,1909f56bfc062723c751e8b465ee728b)  -> (artifact id: '4db82cff635bed8bc2b057c25bfd1c89') in 0.005618 seconds
  Import took 0.007608 seconds .

========================================================================
Received Import Request.
  Time since last request: 0.000310 seconds.
  path: Assets/Scripts/ShopItem.cs
  artifactKey: Guid(fdeed3ca60b65a0468cf96f34aa42abb) Importer(815301076,1909f56bfc062723c751e8b465ee728b)
Start importing Assets/Scripts/ShopItem.cs using Guid(fdeed3ca60b65a0468cf96f34aa42abb) Importer(815301076,1909f56bfc062723c751e8b465ee728b)  -> (artifact id: '4db82cff635bed8bc2b057c25bfd1c89') in 0.001443 seconds
  Import took 0.002961 seconds .

========================================================================
Received Import Request.
  Time since last request: 1.455983 seconds.
  path: Assets/Scripts/ShopItemUI.cs
  artifactKey: Guid(993d35b284a5a4745b54b75131ff33a5) Importer(815301076,1909f56bfc062723c751e8b465ee728b)
Start importing Assets/Scripts/ShopItemUI.cs using Guid(993d35b284a5a4745b54b75131ff33a5) Importer(815301076,1909f56bfc062723c751e8b465ee728b)  -> (artifact id: '47f88d3ea3f04118ddf233d551d5d954') in 0.004534 seconds
  Import took 0.006082 seconds .

========================================================================
Received Import Request.
  Time since last request: 0.000448 seconds.
  path: Assets/Scripts/ShopItemUI.cs
  artifactKey: Guid(993d35b284a5a4745b54b75131ff33a5) Importer(815301076,1909f56bfc062723c751e8b465ee728b)
Start importing Assets/Scripts/ShopItemUI.cs using Guid(993d35b284a5a4745b54b75131ff33a5) Importer(815301076,1909f56bfc062723c751e8b465ee728b)  -> (artifact id: '47f88d3ea3f04118ddf233d551d5d954') in 0.001306 seconds
  Import took 0.002667 seconds .

========================================================================
Received Import Request.
  Time since last request: 1.419296 seconds.
  path: Assets/Scripts/Slot.cs
  artifactKey: Guid(eaf188a1beac99248a9a2d081810d7a1) Importer(815301076,1909f56bfc062723c751e8b465ee728b)
Start importing Assets/Scripts/Slot.cs using Guid(eaf188a1beac99248a9a2d081810d7a1) Importer(815301076,1909f56bfc062723c751e8b465ee728b)  -> (artifact id: '7515d38ac136ac42f185d9d1f057d08f') in 0.004927 seconds
  Import took 0.006651 seconds .

========================================================================
Received Import Request.
  Time since last request: 0.000282 seconds.
  path: Assets/Scripts/Slot.cs
  artifactKey: Guid(eaf188a1beac99248a9a2d081810d7a1) Importer(815301076,1909f56bfc062723c751e8b465ee728b)
Start importing Assets/Scripts/Slot.cs using Guid(eaf188a1beac99248a9a2d081810d7a1) Importer(815301076,1909f56bfc062723c751e8b465ee728b)  -> (artifact id: '7515d38ac136ac42f185d9d1f057d08f') in 0.003419 seconds
  Import took 0.005120 seconds .

========================================================================
Received Prepare
Registering precompiled user dll's ...
Registered in 0.000469 seconds.
Begin MonoManager ReloadAssembly
Native extension for WindowsStandalone target not found
Native extension for WebGL target not found
Refreshing native plugins compatible for Editor in 0.19 ms, found 0 plugins.
Preloading 0 native plugins for Editor in 0.00 ms.
Mono: successfully reloaded assembly
- Completed reload, in  0.591 seconds
Platform modules already initialized, skipping
Refreshing native plugins compatible for Editor in 0.17 ms, found 0 plugins.
Preloading 0 native plugins for Editor in 0.00 ms.
Unloading 1113 Unused Serialized files (Serialized files now loaded: 0)
System memory in use before: 56.9 MB.
System memory in use after: 57.0 MB.

Unloading 4 unused Assets to reduce memory usage. Loaded Objects now: 1565.
Total: 1.439600 ms (FindLiveObjects: 0.137300 ms CreateObjectMapping: 0.033800 ms MarkObjects: 1.247100 ms  DeleteObjects: 0.020200 ms)

========================================================================
Received Prepare
Registering precompiled user dll's ...
Registered in 0.000473 seconds.
Begin MonoManager ReloadAssembly
Native extension for WindowsStandalone target not found
Native extension for WebGL target not found
Refreshing native plugins compatible for Editor in 0.19 ms, found 0 plugins.
Preloading 0 native plugins for Editor in 0.00 ms.
Mono: successfully reloaded assembly
- Completed reload, in  0.611 seconds
Platform modules already initialized, skipping
Refreshing native plugins compatible for Editor in 0.17 ms, found 0 plugins.
Preloading 0 native plugins for Editor in 0.00 ms.
Unloading 1113 Unused Serialized files (Serialized files now loaded: 0)
System memory in use before: 56.9 MB.
System memory in use after: 57.0 MB.

Unloading 4 unused Assets to reduce memory usage. Loaded Objects now: 1568.
Total: 1.550200 ms (FindLiveObjects: 0.177200 ms CreateObjectMapping: 0.049800 ms MarkObjects: 1.311300 ms  DeleteObjects: 0.009900 ms)

========================================================================
Received Import Request.
  Time since last request: 1311.746869 seconds.
  path: Assets/Prefabs/InventoryUI.prefab
  artifactKey: Guid(fd8e73a5a2d362f45a760d30b10ae719) Importer(815301076,1909f56bfc062723c751e8b465ee728b)
Start importing Assets/Prefabs/InventoryUI.prefab using Guid(fd8e73a5a2d362f45a760d30b10ae719) Importer(815301076,1909f56bfc062723c751e8b465ee728b)  -> (artifact id: 'f63d31a64ac9cd47e888ecf661fc4a16') in 0.026484 seconds
  Import took 0.028204 seconds .

========================================================================
Received Import Request.
  Time since last request: 0.000172 seconds.
  path: Assets/Prefabs/ShopItemUI.prefab
  artifactKey: Guid(8db879fc2bc08f64d9cdc40a56b1b164) Importer(815301076,1909f56bfc062723c751e8b465ee728b)
Start importing Assets/Prefabs/ShopItemUI.prefab using Guid(8db879fc2bc08f64d9cdc40a56b1b164) Importer(815301076,1909f56bfc062723c751e8b465ee728b)  -> (artifact id: 'c2f4da7430a2bfebb623dda800eb1937') in 0.005306 seconds
  Import took 0.006857 seconds .

========================================================================
Received Import Request.
  Time since last request: 0.000187 seconds.
  path: Assets/Prefabs/Slot.prefab
  artifactKey: Guid(fa2521b2f9827a44288c79e5e82ddab5) Importer(815301076,1909f56bfc062723c751e8b465ee728b)
Start importing Assets/Prefabs/Slot.prefab using Guid(fa2521b2f9827a44288c79e5e82ddab5) Importer(815301076,1909f56bfc062723c751e8b465ee728b)  -> (artifact id: 'a56db876c74bd3a2f8a6bd570b8954ab') in 0.003130 seconds
  Import took 0.004890 seconds .

========================================================================
Received Prepare
Registering precompiled user dll's ...
Registered in 0.000513 seconds.
Begin MonoManager ReloadAssembly
Native extension for WindowsStandalone target not found
Native extension for WebGL target not found
Refreshing native plugins compatible for Editor in 0.26 ms, found 0 plugins.
Preloading 0 native plugins for Editor in 0.00 ms.
Mono: successfully reloaded assembly
- Completed reload, in  0.570 seconds
Platform modules already initialized, skipping
Refreshing native plugins compatible for Editor in 0.17 ms, found 0 plugins.
Preloading 0 native plugins for Editor in 0.00 ms.
Unloading 1113 Unused Serialized files (Serialized files now loaded: 0)
System memory in use before: 56.9 MB.
System memory in use after: 57.0 MB.

Unloading 5 unused Assets to reduce memory usage. Loaded Objects now: 1571.
Total: 1.473200 ms (FindLiveObjects: 0.184500 ms CreateObjectMapping: 0.055300 ms MarkObjects: 1.212800 ms  DeleteObjects: 0.018900 ms)

========================================================================
Received Import Request.
  Time since last request: 320.299407 seconds.
  path: Assets/Prefabs/ShopItemUI.prefab
  artifactKey: Guid(8db879fc2bc08f64d9cdc40a56b1b164) Importer(815301076,1909f56bfc062723c751e8b465ee728b)
Start importing Assets/Prefabs/ShopItemUI.prefab using Guid(8db879fc2bc08f64d9cdc40a56b1b164) Importer(815301076,1909f56bfc062723c751e8b465ee728b)  -> (artifact id: 'd4c85939ecb00068cb88953cd43fac2e') in 0.023816 seconds
  Import took 0.025530 seconds .

========================================================================
Received Import Request.
  Time since last request: 149.192185 seconds.
  path: Assets/Prefabs/ShopItemUI.prefab
  artifactKey: Guid(8db879fc2bc08f64d9cdc40a56b1b164) Importer(815301076,1909f56bfc062723c751e8b465ee728b)
Start importing Assets/Prefabs/ShopItemUI.prefab using Guid(8db879fc2bc08f64d9cdc40a56b1b164) Importer(815301076,1909f56bfc062723c751e8b465ee728b)  -> (artifact id: '480015b10bcf16c9bc4c9fe1d9a1f558') in 0.005891 seconds
  Import took 0.007972 seconds .

========================================================================
Received Prepare
Registering precompiled user dll's ...
Registered in 0.000484 seconds.
Begin MonoManager ReloadAssembly
Native extension for WindowsStandalone target not found
Native extension for WebGL target not found
Refreshing native plugins compatible for Editor in 0.19 ms, found 0 plugins.
Preloading 0 native plugins for Editor in 0.00 ms.
Mono: successfully reloaded assembly
- Completed reload, in  0.604 seconds
Platform modules already initialized, skipping
Refreshing native plugins compatible for Editor in 0.20 ms, found 0 plugins.
Preloading 0 native plugins for Editor in 0.00 ms.
Unloading 1113 Unused Serialized files (Serialized files now loaded: 0)
System memory in use before: 56.9 MB.
System memory in use after: 57.0 MB.

Unloading 5 unused Assets to reduce memory usage. Loaded Objects now: 1574.
Total: 1.281900 ms (FindLiveObjects: 0.136700 ms CreateObjectMapping: 0.035200 ms MarkObjects: 1.091800 ms  DeleteObjects: 0.017100 ms)

========================================================================
Received Import Request.
  Time since last request: 456.083455 seconds.
  path: Assets/Prefabs/Slot.prefab
  artifactKey: Guid(fa2521b2f9827a44288c79e5e82ddab5) Importer(815301076,1909f56bfc062723c751e8b465ee728b)
Start importing Assets/Prefabs/Slot.prefab using Guid(fa2521b2f9827a44288c79e5e82ddab5) Importer(815301076,1909f56bfc062723c751e8b465ee728b)  -> (artifact id: 'c60b7a95eeebe994982a42469b617042') in 0.026978 seconds
  Import took 0.028900 seconds .

========================================================================
Received Import Request.
  Time since last request: 2.389160 seconds.
  path: Assets/Prefabs/Slot.prefab
  artifactKey: Guid(fa2521b2f9827a44288c79e5e82ddab5) Importer(815301076,1909f56bfc062723c751e8b465ee728b)
Start importing Assets/Prefabs/Slot.prefab using Guid(fa2521b2f9827a44288c79e5e82ddab5) Importer(815301076,1909f56bfc062723c751e8b465ee728b)  -> (artifact id: '1d3ae5261a4e4dbfe240a520ec885f25') in 0.003688 seconds
  Import took 0.005526 seconds .

========================================================================
Received Import Request.
  Time since last request: 4.297079 seconds.
  path: Assets/Prefabs/Slot.prefab
  artifactKey: Guid(fa2521b2f9827a44288c79e5e82ddab5) Importer(815301076,1909f56bfc062723c751e8b465ee728b)
Start importing Assets/Prefabs/Slot.prefab using Guid(fa2521b2f9827a44288c79e5e82ddab5) Importer(815301076,1909f56bfc062723c751e8b465ee728b)  -> (artifact id: '281de6155690c6e45a25fd950399d2cb') in 0.004519 seconds
  Import took 0.006609 seconds .

========================================================================
Received Import Request.
  Time since last request: 17.454213 seconds.
  path: Assets/Icons/Accessory Icon.png
  artifactKey: Guid(bd89181b2966c954187fdd735cad7793) Importer(815301076,1909f56bfc062723c751e8b465ee728b)
Start importing Assets/Icons/Accessory Icon.png using Guid(bd89181b2966c954187fdd735cad7793) Importer(815301076,1909f56bfc062723c751e8b465ee728b)  -> (artifact id: '554fb500103435288858c83f7e0456d9') in 0.116369 seconds
  Import took 0.117999 seconds .

========================================================================
Received Import Request.
  Time since last request: 0.000176 seconds.
  path: Assets/Icons/FootstepSettings Icon.png
  artifactKey: Guid(bcd236abfb7a65d499e8ce6c8bc0a896) Importer(815301076,1909f56bfc062723c751e8b465ee728b)
Start importing Assets/Icons/FootstepSettings Icon.png using Guid(bcd236abfb7a65d499e8ce6c8bc0a896) Importer(815301076,1909f56bfc062723c751e8b465ee728b)  -> (artifact id: '5b3a68cae9ba5e609eb796ff21ef8d11') in 0.024193 seconds
  Import took 0.025975 seconds .

========================================================================
Received Import Request.
  Time since last request: 0.000226 seconds.
  path: Assets/Icons/PowerBeam Icon.png
  artifactKey: Guid(8f460440d77dc69419eb7c901d0a8571) Importer(815301076,1909f56bfc062723c751e8b465ee728b)
Start importing Assets/Icons/PowerBeam Icon.png using Guid(8f460440d77dc69419eb7c901d0a8571) Importer(815301076,1909f56bfc062723c751e8b465ee728b)  -> (artifact id: '17b7f1558bf69fed84925852b88aef31') in 0.114407 seconds
  Import took 0.116216 seconds .

========================================================================
Received Import Request.
  Time since last request: 0.000244 seconds.
  path: Assets/Icons/PowerArea Icon.png
  artifactKey: Guid(91d632c2ca3dbcd4c8c0adb4a916e3e3) Importer(815301076,1909f56bfc062723c751e8b465ee728b)
Start importing Assets/Icons/PowerArea Icon.png using Guid(91d632c2ca3dbcd4c8c0adb4a916e3e3) Importer(815301076,1909f56bfc062723c751e8b465ee728b)  -> (artifact id: '1b8b4a369ddfcf4222c3adb7224be2a0') in 0.010257 seconds
  Import took 0.011863 seconds .

========================================================================
Received Import Request.
  Time since last request: 0.000181 seconds.
  path: Assets/Icons/PowerBlock Icon.png
  artifactKey: Guid(0cde2d57d25436742b42794437dcc8b8) Importer(815301076,1909f56bfc062723c751e8b465ee728b)
Start importing Assets/Icons/PowerBlock Icon.png using Guid(0cde2d57d25436742b42794437dcc8b8) Importer(815301076,1909f56bfc062723c751e8b465ee728b)  -> (artifact id: 'de4224940bc00b2f3a4f4d3b08c74554') in 0.011265 seconds
  Import took 0.012922 seconds .

========================================================================
Received Import Request.
  Time since last request: 0.000202 seconds.
  path: Assets/Icons/EmptyWhite.png
  artifactKey: Guid(f46ebf4e3f9b3344d9656681adbb94b1) Importer(815301076,1909f56bfc062723c751e8b465ee728b)
Start importing Assets/Icons/EmptyWhite.png using Guid(f46ebf4e3f9b3344d9656681adbb94b1) Importer(815301076,1909f56bfc062723c751e8b465ee728b)  -> (artifact id: 'a49d458a99849c2bc5c9af208403bc20') in 0.019713 seconds
  Import took 0.021605 seconds .

========================================================================
Received Import Request.
  Time since last request: 0.000229 seconds.
  path: Assets/Icons/EnhancementBasic Icon.png
  artifactKey: Guid(ee3598abe8ce7744fa030a16b0e2fe73) Importer(815301076,1909f56bfc062723c751e8b465ee728b)
Start importing Assets/Icons/EnhancementBasic Icon.png using Guid(ee3598abe8ce7744fa030a16b0e2fe73) Importer(815301076,1909f56bfc062723c751e8b465ee728b)  -> (artifact id: 'c983375559320f6d3e755b9c7a21565e') in 0.010738 seconds
  Import took 0.012460 seconds .

========================================================================
Received Import Request.
  Time since last request: 0.000156 seconds.
  path: Assets/Icons/PowerMelee Icon.png
  artifactKey: Guid(27625e9fe845a994ebde236b3e48c9db) Importer(815301076,1909f56bfc062723c751e8b465ee728b)
Start importing Assets/Icons/PowerMelee Icon.png using Guid(27625e9fe845a994ebde236b3e48c9db) Importer(815301076,1909f56bfc062723c751e8b465ee728b)  -> (artifact id: '6d9f8c8c0a9a136fc18af4de91ca0f21') in 0.014976 seconds
  Import took 0.016559 seconds .

========================================================================
Received Import Request.
  Time since last request: 1.145998 seconds.
  path: Assets/Game Data/HealingPotion.asset
  artifactKey: Guid(5bdeb18dbad61a74da903b6bbf792390) Importer(815301076,1909f56bfc062723c751e8b465ee728b)
Start importing Assets/Game Data/HealingPotion.asset using Guid(5bdeb18dbad61a74da903b6bbf792390) Importer(815301076,1909f56bfc062723c751e8b465ee728b)  -> (artifact id: 'b6695d9b199f2f1d63be8c216c0d8b83') in 0.006397 seconds
  Import took 0.008130 seconds .

========================================================================
Received Import Request.
  Time since last request: 0.000196 seconds.
  path: Assets/Game Data/ManaPotion.asset
  artifactKey: Guid(b6e4e0db286a9394eb19d45995bf4703) Importer(815301076,1909f56bfc062723c751e8b465ee728b)
Start importing Assets/Game Data/ManaPotion.asset using Guid(b6e4e0db286a9394eb19d45995bf4703) Importer(815301076,1909f56bfc062723c751e8b465ee728b)  -> (artifact id: '333a6fcac0425bce82e2744230c1d12e') in 0.005020 seconds
  Import took 0.006719 seconds .

========================================================================
Received Import Request.
  Time since last request: 0.000270 seconds.
  path: Assets/Game Data/SevenLeagueBoots.asset
  artifactKey: Guid(651f62d9f0ab5c441a29e1d16c65a8cc) Importer(815301076,1909f56bfc062723c751e8b465ee728b)
Start importing Assets/Game Data/SevenLeagueBoots.asset using Guid(651f62d9f0ab5c441a29e1d16c65a8cc) Importer(815301076,1909f56bfc062723c751e8b465ee728b)  -> (artifact id: '692eff8ca60405957703ca601cd9de0d') in 0.005000 seconds
  Import took 0.006672 seconds .

========================================================================
Received Prepare
Registering precompiled user dll's ...
Registered in 0.000543 seconds.
Begin MonoManager ReloadAssembly
Native extension for WindowsStandalone target not found
Native extension for WebGL target not found
Refreshing native plugins compatible for Editor in 0.20 ms, found 0 plugins.
Preloading 0 native plugins for Editor in 0.00 ms.
Mono: successfully reloaded assembly
- Completed reload, in  0.568 seconds
Platform modules already initialized, skipping
Refreshing native plugins compatible for Editor in 0.19 ms, found 0 plugins.
Preloading 0 native plugins for Editor in 0.00 ms.
Unloading 1113 Unused Serialized files (Serialized files now loaded: 0)
System memory in use before: 60.0 MB.
System memory in use after: 60.1 MB.

Unloading 5 unused Assets to reduce memory usage. Loaded Objects now: 1583.
Total: 1.354100 ms (FindLiveObjects: 0.118500 ms CreateObjectMapping: 0.030000 ms MarkObjects: 1.188800 ms  DeleteObjects: 0.015700 ms)

========================================================================
Received Prepare
Registering precompiled user dll's ...
Registered in 0.000405 seconds.
Begin MonoManager ReloadAssembly
Native extension for WindowsStandalone target not found
Native extension for WebGL target not found
Refreshing native plugins compatible for Editor in 0.19 ms, found 0 plugins.
Preloading 0 native plugins for Editor in 0.00 ms.
Mono: successfully reloaded assembly
- Completed reload, in  0.601 seconds
Platform modules already initialized, skipping
Refreshing native plugins compatible for Editor in 0.19 ms, found 0 plugins.
Preloading 0 native plugins for Editor in 0.00 ms.
Unloading 1113 Unused Serialized files (Serialized files now loaded: 0)
System memory in use before: 60.0 MB.
System memory in use after: 60.1 MB.

Unloading 4 unused Assets to reduce memory usage. Loaded Objects now: 1586.
Total: 1.352100 ms (FindLiveObjects: 0.156600 ms CreateObjectMapping: 0.043100 ms MarkObjects: 1.141000 ms  DeleteObjects: 0.010600 ms)

========================================================================
Received Prepare
Registering precompiled user dll's ...
Registered in 0.000482 seconds.
Begin MonoManager ReloadAssembly
Native extension for WindowsStandalone target not found
Native extension for WebGL target not found
Refreshing native plugins compatible for Editor in 0.28 ms, found 0 plugins.
Preloading 0 native plugins for Editor in 0.00 ms.
Mono: successfully reloaded assembly
- Completed reload, in  0.611 seconds
Platform modules already initialized, skipping
Refreshing native plugins compatible for Editor in 0.19 ms, found 0 plugins.
Preloading 0 native plugins for Editor in 0.00 ms.
Unloading 1113 Unused Serialized files (Serialized files now loaded: 0)
System memory in use before: 60.0 MB.
System memory in use after: 60.1 MB.

Unloading 4 unused Assets to reduce memory usage. Loaded Objects now: 1589.
Total: 1.643100 ms (FindLiveObjects: 0.210600 ms CreateObjectMapping: 0.040500 ms MarkObjects: 1.378000 ms  DeleteObjects: 0.012600 ms)

========================================================================
Received Import Request.
  Time since last request: 624.511196 seconds.
  path: Assets/Scripts/ShopItemUI.cs
  artifactKey: Guid(993d35b284a5a4745b54b75131ff33a5) Importer(815301076,1909f56bfc062723c751e8b465ee728b)
Start importing Assets/Scripts/ShopItemUI.cs using Guid(993d35b284a5a4745b54b75131ff33a5) Importer(815301076,1909f56bfc062723c751e8b465ee728b)  -> (artifact id: 'a49b275ddbca24f077019b2117371c30') in 0.003072 seconds
  Import took 0.004706 seconds .

========================================================================
Received Import Request.
  Time since last request: 0.000676 seconds.
  path: Assets/Scripts/ShopItemUI.cs
  artifactKey: Guid(993d35b284a5a4745b54b75131ff33a5) Importer(815301076,1909f56bfc062723c751e8b465ee728b)
Start importing Assets/Scripts/ShopItemUI.cs using Guid(993d35b284a5a4745b54b75131ff33a5) Importer(815301076,1909f56bfc062723c751e8b465ee728b)  -> (artifact id: 'a49b275ddbca24f077019b2117371c30') in 0.001357 seconds
  Import took 0.002729 seconds .

========================================================================
Received Prepare
Registering precompiled user dll's ...
Registered in 0.000506 seconds.
Begin MonoManager ReloadAssembly
Native extension for WindowsStandalone target not found
Native extension for WebGL target not found
Refreshing native plugins compatible for Editor in 0.20 ms, found 0 plugins.
Preloading 0 native plugins for Editor in 0.00 ms.
Mono: successfully reloaded assembly
- Completed reload, in  0.580 seconds
Platform modules already initialized, skipping
Refreshing native plugins compatible for Editor in 0.21 ms, found 0 plugins.
Preloading 0 native plugins for Editor in 0.00 ms.
Unloading 1113 Unused Serialized files (Serialized files now loaded: 0)
System memory in use before: 60.0 MB.
System memory in use after: 60.1 MB.

Unloading 4 unused Assets to reduce memory usage. Loaded Objects now: 1592.
Total: 1.451400 ms (FindLiveObjects: 0.147400 ms CreateObjectMapping: 0.038300 ms MarkObjects: 1.253500 ms  DeleteObjects: 0.011400 ms)

========================================================================
Received Prepare
Registering precompiled user dll's ...
Registered in 0.000449 seconds.
Begin MonoManager ReloadAssembly
Native extension for WindowsStandalone target not found
Native extension for WebGL target not found
Refreshing native plugins compatible for Editor in 0.23 ms, found 0 plugins.
Preloading 0 native plugins for Editor in 0.00 ms.
Mono: successfully reloaded assembly
- Completed reload, in  0.574 seconds
Platform modules already initialized, skipping
Refreshing native plugins compatible for Editor in 0.21 ms, found 0 plugins.
Preloading 0 native plugins for Editor in 0.00 ms.
Unloading 1113 Unused Serialized files (Serialized files now loaded: 0)
System memory in use before: 60.1 MB.
System memory in use after: 60.2 MB.

Unloading 4 unused Assets to reduce memory usage. Loaded Objects now: 1595.
Total: 1.425900 ms (FindLiveObjects: 0.128200 ms CreateObjectMapping: 0.027700 ms MarkObjects: 1.259100 ms  DeleteObjects: 0.010100 ms)

========================================================================
Received Prepare
Registering precompiled user dll's ...
Registered in 0.000446 seconds.
Begin MonoManager ReloadAssembly
Native extension for WindowsStandalone target not found
Native extension for WebGL target not found
Refreshing native plugins compatible for Editor in 0.21 ms, found 0 plugins.
Preloading 0 native plugins for Editor in 0.00 ms.
Mono: successfully reloaded assembly
- Completed reload, in  0.584 seconds
Platform modules already initialized, skipping
Refreshing native plugins compatible for Editor in 0.18 ms, found 0 plugins.
Preloading 0 native plugins for Editor in 0.00 ms.
Unloading 1113 Unused Serialized files (Serialized files now loaded: 0)
System memory in use before: 60.1 MB.
System memory in use after: 60.2 MB.

Unloading 4 unused Assets to reduce memory usage. Loaded Objects now: 1598.
Total: 1.446600 ms (FindLiveObjects: 0.154100 ms CreateObjectMapping: 0.035300 ms MarkObjects: 1.245300 ms  DeleteObjects: 0.011000 ms)

========================================================================
Received Prepare
Registering precompiled user dll's ...
Registered in 0.000531 seconds.
Begin MonoManager ReloadAssembly
Native extension for WindowsStandalone target not found
Native extension for WebGL target not found
Refreshing native plugins compatible for Editor in 0.19 ms, found 0 plugins.
Preloading 0 native plugins for Editor in 0.00 ms.
Mono: successfully reloaded assembly
- Completed reload, in  0.567 seconds
Platform modules already initialized, skipping
Refreshing native plugins compatible for Editor in 0.19 ms, found 0 plugins.
Preloading 0 native plugins for Editor in 0.00 ms.
Unloading 1113 Unused Serialized files (Serialized files now loaded: 0)
System memory in use before: 60.1 MB.
System memory in use after: 60.2 MB.

Unloading 4 unused Assets to reduce memory usage. Loaded Objects now: 1601.
Total: 1.503500 ms (FindLiveObjects: 0.142600 ms CreateObjectMapping: 0.031200 ms MarkObjects: 1.319400 ms  DeleteObjects: 0.009500 ms)

========================================================================
Received Prepare
Registering precompiled user dll's ...
Registered in 0.000560 seconds.
Begin MonoManager ReloadAssembly
Native extension for WindowsStandalone target not found
Native extension for WebGL target not found
Refreshing native plugins compatible for Editor in 0.19 ms, found 0 plugins.
Preloading 0 native plugins for Editor in 0.00 ms.
Mono: successfully reloaded assembly
- Completed reload, in  0.584 seconds
Platform modules already initialized, skipping
Refreshing native plugins compatible for Editor in 0.15 ms, found 0 plugins.
Preloading 0 native plugins for Editor in 0.00 ms.
Unloading 1113 Unused Serialized files (Serialized files now loaded: 0)
System memory in use before: 60.1 MB.
System memory in use after: 60.2 MB.

Unloading 4 unused Assets to reduce memory usage. Loaded Objects now: 1604.
Total: 1.607300 ms (FindLiveObjects: 0.171800 ms CreateObjectMapping: 0.037900 ms MarkObjects: 1.387200 ms  DeleteObjects: 0.009500 ms)

========================================================================
Received Prepare
Registering precompiled user dll's ...
Registered in 0.000409 seconds.
Begin MonoManager ReloadAssembly
Native extension for WindowsStandalone target not found
Native extension for WebGL target not found
Refreshing native plugins compatible for Editor in 0.20 ms, found 0 plugins.
Preloading 0 native plugins for Editor in 0.00 ms.
Mono: successfully reloaded assembly
- Completed reload, in  0.559 seconds
Platform modules already initialized, skipping
Refreshing native plugins compatible for Editor in 0.19 ms, found 0 plugins.
Preloading 0 native plugins for Editor in 0.00 ms.
Unloading 1113 Unused Serialized files (Serialized files now loaded: 0)
System memory in use before: 60.1 MB.
System memory in use after: 60.2 MB.

Unloading 4 unused Assets to reduce memory usage. Loaded Objects now: 1607.
Total: 1.627700 ms (FindLiveObjects: 0.240400 ms CreateObjectMapping: 0.065100 ms MarkObjects: 1.312800 ms  DeleteObjects: 0.008500 ms)

========================================================================
Received Prepare
Registering precompiled user dll's ...
Registered in 0.000448 seconds.
Begin MonoManager ReloadAssembly
Native extension for WindowsStandalone target not found
Native extension for WebGL target not found
Refreshing native plugins compatible for Editor in 0.30 ms, found 0 plugins.
Preloading 0 native plugins for Editor in 0.00 ms.
Mono: successfully reloaded assembly
- Completed reload, in  0.568 seconds
Platform modules already initialized, skipping
Refreshing native plugins compatible for Editor in 0.21 ms, found 0 plugins.
Preloading 0 native plugins for Editor in 0.00 ms.
Unloading 1113 Unused Serialized files (Serialized files now loaded: 0)
System memory in use before: 60.1 MB.
System memory in use after: 60.2 MB.

Unloading 4 unused Assets to reduce memory usage. Loaded Objects now: 1610.
Total: 1.432600 ms (FindLiveObjects: 0.135700 ms CreateObjectMapping: 0.029200 ms MarkObjects: 1.257200 ms  DeleteObjects: 0.009700 ms)

========================================================================
Received Import Request.
  Time since last request: 2170.087427 seconds.
  path: Assets/Prefabs/ShopItemUI.prefab
  artifactKey: Guid(8db879fc2bc08f64d9cdc40a56b1b164) Importer(815301076,1909f56bfc062723c751e8b465ee728b)
Start importing Assets/Prefabs/ShopItemUI.prefab using Guid(8db879fc2bc08f64d9cdc40a56b1b164) Importer(815301076,1909f56bfc062723c751e8b465ee728b)  -> (artifact id: '7826650707a829a0252422b4306403f7') in 0.022276 seconds
  Import took 0.023989 seconds .

========================================================================
Received Import Request.
  Time since last request: 6.246790 seconds.
  path: Assets/Prefabs/Slot.prefab
  artifactKey: Guid(fa2521b2f9827a44288c79e5e82ddab5) Importer(815301076,1909f56bfc062723c751e8b465ee728b)
Start importing Assets/Prefabs/Slot.prefab using Guid(fa2521b2f9827a44288c79e5e82ddab5) Importer(815301076,1909f56bfc062723c751e8b465ee728b)  -> (artifact id: '9c9afd85b8aa1d5207b1d9eabbfbfa1c') in 0.008169 seconds
  Import took 0.009893 seconds .

========================================================================
Received Import Request.
  Time since last request: 2.811043 seconds.
  path: Assets/Prefabs/Slot.prefab
  artifactKey: Guid(fa2521b2f9827a44288c79e5e82ddab5) Importer(815301076,1909f56bfc062723c751e8b465ee728b)
Start importing Assets/Prefabs/Slot.prefab using Guid(fa2521b2f9827a44288c79e5e82ddab5) Importer(815301076,1909f56bfc062723c751e8b465ee728b)  -> (artifact id: '51e1ddf6cb2783dbb482a03ef85115ad') in 0.003093 seconds
  Import took 0.004823 seconds .

========================================================================
Received Import Request.
  Time since last request: 2.006279 seconds.
  path: Assets/Prefabs/Slot.prefab
  artifactKey: Guid(fa2521b2f9827a44288c79e5e82ddab5) Importer(815301076,1909f56bfc062723c751e8b465ee728b)
Start importing Assets/Prefabs/Slot.prefab using Guid(fa2521b2f9827a44288c79e5e82ddab5) Importer(815301076,1909f56bfc062723c751e8b465ee728b)  -> (artifact id: '39b2e0a6b64479b5b60d11c2a1c424d9') in 0.003138 seconds
  Import took 0.004776 seconds .

========================================================================
Received Import Request.
  Time since last request: 4.699405 seconds.
  path: Assets/Prefabs/InventoryUI.prefab
  artifactKey: Guid(fd8e73a5a2d362f45a760d30b10ae719) Importer(815301076,1909f56bfc062723c751e8b465ee728b)
Start importing Assets/Prefabs/InventoryUI.prefab using Guid(fd8e73a5a2d362f45a760d30b10ae719) Importer(815301076,1909f56bfc062723c751e8b465ee728b)  -> (artifact id: 'd37727f4b7bca8b2aa74eb723a6d8992') in 0.005975 seconds
  Import took 0.007678 seconds .

========================================================================
Received Import Request.
  Time since last request: 0.015287 seconds.
  path: Assets/Prefabs/InventoryUI.prefab
  artifactKey: Guid(fd8e73a5a2d362f45a760d30b10ae719) Importer(815301076,1909f56bfc062723c751e8b465ee728b)
Start importing Assets/Prefabs/InventoryUI.prefab using Guid(fd8e73a5a2d362f45a760d30b10ae719) Importer(815301076,1909f56bfc062723c751e8b465ee728b)  -> (artifact id: 'd37727f4b7bca8b2aa74eb723a6d8992') in 0.003097 seconds
  Import took 0.004825 seconds .

========================================================================
Received Import Request.
  Time since last request: 2.396392 seconds.
  path: Assets/Prefabs/InventoryUI.prefab
  artifactKey: Guid(fd8e73a5a2d362f45a760d30b10ae719) Importer(815301076,1909f56bfc062723c751e8b465ee728b)
Start importing Assets/Prefabs/InventoryUI.prefab using Guid(fd8e73a5a2d362f45a760d30b10ae719) Importer(815301076,1909f56bfc062723c751e8b465ee728b)  -> (artifact id: '70c89b828f49077a31d4a4a7d4393f11') in 0.002729 seconds
  Import took 0.004404 seconds .

========================================================================
Received Import Request.
  Time since last request: 0.000623 seconds.
  path: Assets/Prefabs/InventoryUI.prefab
  artifactKey: Guid(fd8e73a5a2d362f45a760d30b10ae719) Importer(815301076,1909f56bfc062723c751e8b465ee728b)
Start importing Assets/Prefabs/InventoryUI.prefab using Guid(fd8e73a5a2d362f45a760d30b10ae719) Importer(815301076,1909f56bfc062723c751e8b465ee728b)  -> (artifact id: '70c89b828f49077a31d4a4a7d4393f11') in 0.002552 seconds
  Import took 0.004023 seconds .

========================================================================
Received Prepare
Registering precompiled user dll's ...
Registered in 0.000460 seconds.
Begin MonoManager ReloadAssembly
Native extension for WindowsStandalone target not found
Native extension for WebGL target not found
Refreshing native plugins compatible for Editor in 0.19 ms, found 0 plugins.
Preloading 0 native plugins for Editor in 0.00 ms.
Mono: successfully reloaded assembly
- Completed reload, in  0.569 seconds
Platform modules already initialized, skipping
Refreshing native plugins compatible for Editor in 0.15 ms, found 0 plugins.
Preloading 0 native plugins for Editor in 0.00 ms.
Unloading 1113 Unused Serialized files (Serialized files now loaded: 0)
System memory in use before: 60.1 MB.
System memory in use after: 60.2 MB.

Unloading 5 unused Assets to reduce memory usage. Loaded Objects now: 1613.
Total: 1.444000 ms (FindLiveObjects: 0.127500 ms CreateObjectMapping: 0.031900 ms MarkObjects: 1.268000 ms  DeleteObjects: 0.015700 ms)

========================================================================
Received Import Request.
  Time since last request: 23.202170 seconds.
  path: Assets/Prefabs/InventoryUI.prefab
  artifactKey: Guid(fd8e73a5a2d362f45a760d30b10ae719) Importer(815301076,1909f56bfc062723c751e8b465ee728b)
Start importing Assets/Prefabs/InventoryUI.prefab using Guid(fd8e73a5a2d362f45a760d30b10ae719) Importer(815301076,1909f56bfc062723c751e8b465ee728b)  -> (artifact id: '3b6c570b33e9e7368762fbe82007d88d') in 0.023342 seconds
  Import took 0.024964 seconds .

========================================================================
Received Import Request.
  Time since last request: 1.225866 seconds.
  path: Assets/Prefabs/InventoryUI.prefab
  artifactKey: Guid(fd8e73a5a2d362f45a760d30b10ae719) Importer(815301076,1909f56bfc062723c751e8b465ee728b)
Start importing Assets/Prefabs/InventoryUI.prefab using Guid(fd8e73a5a2d362f45a760d30b10ae719) Importer(815301076,1909f56bfc062723c751e8b465ee728b)  -> (artifact id: 'dfa3ab71a3baa5fb5c668fed617397e7') in 0.003816 seconds
  Import took 0.005534 seconds .

========================================================================
Received Import Request.
  Time since last request: 29.717461 seconds.
  path: Assets/Prefabs/Slot.prefab
  artifactKey: Guid(fa2521b2f9827a44288c79e5e82ddab5) Importer(815301076,1909f56bfc062723c751e8b465ee728b)
Start importing Assets/Prefabs/Slot.prefab using Guid(fa2521b2f9827a44288c79e5e82ddab5) Importer(815301076,1909f56bfc062723c751e8b465ee728b)  -> (artifact id: 'e589ab7875f1a28d587f03e6fc03d91c') in 0.003544 seconds
  Import took 0.005373 seconds .

========================================================================
Received Import Request.
  Time since last request: 10.993361 seconds.
  path: Assets/Prefabs/ShopItemUI.prefab
  artifactKey: Guid(8db879fc2bc08f64d9cdc40a56b1b164) Importer(815301076,1909f56bfc062723c751e8b465ee728b)
Start importing Assets/Prefabs/ShopItemUI.prefab using Guid(8db879fc2bc08f64d9cdc40a56b1b164) Importer(815301076,1909f56bfc062723c751e8b465ee728b)  -> (artifact id: '3199e41dd55579d0d344868e19f2a686') in 0.003460 seconds
  Import took 0.005408 seconds .

========================================================================
Received Prepare
Registering precompiled user dll's ...
Registered in 0.000502 seconds.
Begin MonoManager ReloadAssembly
Native extension for WindowsStandalone target not found
Native extension for WebGL target not found
Refreshing native plugins compatible for Editor in 0.19 ms, found 0 plugins.
Preloading 0 native plugins for Editor in 0.00 ms.
Mono: successfully reloaded assembly
- Completed reload, in  0.569 seconds
Platform modules already initialized, skipping
Refreshing native plugins compatible for Editor in 0.17 ms, found 0 plugins.
Preloading 0 native plugins for Editor in 0.00 ms.
Unloading 1113 Unused Serialized files (Serialized files now loaded: 0)
System memory in use before: 60.1 MB.
System memory in use after: 60.2 MB.

Unloading 5 unused Assets to reduce memory usage. Loaded Objects now: 1616.
Total: 1.425900 ms (FindLiveObjects: 0.123700 ms CreateObjectMapping: 0.029800 ms MarkObjects: 1.255800 ms  DeleteObjects: 0.015900 ms)

========================================================================
Received Prepare
Registering precompiled user dll's ...
Registered in 0.000551 seconds.
Begin MonoManager ReloadAssembly
Native extension for WindowsStandalone target not found
Native extension for WebGL target not found
Refreshing native plugins compatible for Editor in 0.19 ms, found 0 plugins.
Preloading 0 native plugins for Editor in 0.00 ms.
Mono: successfully reloaded assembly
- Completed reload, in  0.576 seconds
Platform modules already initialized, skipping
Refreshing native plugins compatible for Editor in 0.17 ms, found 0 plugins.
Preloading 0 native plugins for Editor in 0.00 ms.
Unloading 1113 Unused Serialized files (Serialized files now loaded: 0)
System memory in use before: 60.1 MB.
System memory in use after: 60.2 MB.

Unloading 4 unused Assets to reduce memory usage. Loaded Objects now: 1619.
Total: 1.463500 ms (FindLiveObjects: 0.136200 ms CreateObjectMapping: 0.035500 ms MarkObjects: 1.281500 ms  DeleteObjects: 0.009300 ms)

========================================================================
Received Prepare
Registering precompiled user dll's ...
Registered in 0.000498 seconds.
Begin MonoManager ReloadAssembly
Native extension for WindowsStandalone target not found
Native extension for WebGL target not found
Refreshing native plugins compatible for Editor in 0.20 ms, found 0 plugins.
Preloading 0 native plugins for Editor in 0.00 ms.
Mono: successfully reloaded assembly
- Completed reload, in  0.585 seconds
Platform modules already initialized, skipping
Refreshing native plugins compatible for Editor in 0.18 ms, found 0 plugins.
Preloading 0 native plugins for Editor in 0.00 ms.
Unloading 1113 Unused Serialized files (Serialized files now loaded: 0)
System memory in use before: 60.1 MB.
System memory in use after: 60.2 MB.

Unloading 4 unused Assets to reduce memory usage. Loaded Objects now: 1622.
Total: 1.525100 ms (FindLiveObjects: 0.192400 ms CreateObjectMapping: 0.034600 ms MarkObjects: 1.285800 ms  DeleteObjects: 0.011400 ms)

========================================================================
Received Prepare
Registering precompiled user dll's ...
Registered in 0.000442 seconds.
Begin MonoManager ReloadAssembly
Native extension for WindowsStandalone target not found
Native extension for WebGL target not found
Refreshing native plugins compatible for Editor in 0.20 ms, found 0 plugins.
Preloading 0 native plugins for Editor in 0.00 ms.
Mono: successfully reloaded assembly
- Completed reload, in  0.577 seconds
Platform modules already initialized, skipping
Refreshing native plugins compatible for Editor in 0.18 ms, found 0 plugins.
Preloading 0 native plugins for Editor in 0.00 ms.
Unloading 1113 Unused Serialized files (Serialized files now loaded: 0)
System memory in use before: 60.1 MB.
System memory in use after: 60.2 MB.

Unloading 4 unused Assets to reduce memory usage. Loaded Objects now: 1625.
Total: 1.524400 ms (FindLiveObjects: 0.186500 ms CreateObjectMapping: 0.051300 ms MarkObjects: 1.274600 ms  DeleteObjects: 0.010900 ms)

========================================================================
Received Prepare
Registering precompiled user dll's ...
Registered in 0.000465 seconds.
Begin MonoManager ReloadAssembly
Native extension for WindowsStandalone target not found
Native extension for WebGL target not found
Refreshing native plugins compatible for Editor in 0.24 ms, found 0 plugins.
Preloading 0 native plugins for Editor in 0.00 ms.
Mono: successfully reloaded assembly
- Completed reload, in  0.575 seconds
Platform modules already initialized, skipping
Refreshing native plugins compatible for Editor in 0.19 ms, found 0 plugins.
Preloading 0 native plugins for Editor in 0.00 ms.
Unloading 1113 Unused Serialized files (Serialized files now loaded: 0)
System memory in use before: 60.1 MB.
System memory in use after: 60.2 MB.

Unloading 4 unused Assets to reduce memory usage. Loaded Objects now: 1628.
Total: 1.356700 ms (FindLiveObjects: 0.112000 ms CreateObjectMapping: 0.028700 ms MarkObjects: 1.205400 ms  DeleteObjects: 0.009800 ms)

========================================================================
Received Prepare
Registering precompiled user dll's ...
Registered in 0.000451 seconds.
Begin MonoManager ReloadAssembly
Native extension for WindowsStandalone target not found
Native extension for WebGL target not found
Refreshing native plugins compatible for Editor in 0.19 ms, found 0 plugins.
Preloading 0 native plugins for Editor in 0.00 ms.
Mono: successfully reloaded assembly
- Completed reload, in  0.565 seconds
Platform modules already initialized, skipping
Refreshing native plugins compatible for Editor in 0.21 ms, found 0 plugins.
Preloading 0 native plugins for Editor in 0.00 ms.
Unloading 1113 Unused Serialized files (Serialized files now loaded: 0)
System memory in use before: 60.1 MB.
System memory in use after: 60.2 MB.

Unloading 4 unused Assets to reduce memory usage. Loaded Objects now: 1631.
Total: 1.368700 ms (FindLiveObjects: 0.132800 ms CreateObjectMapping: 0.032000 ms MarkObjects: 1.193400 ms  DeleteObjects: 0.009500 ms)

========================================================================
Received Prepare
Registering precompiled user dll's ...
Registered in 0.000589 seconds.
Begin MonoManager ReloadAssembly
Native extension for WindowsStandalone target not found
Native extension for WebGL target not found
Refreshing native plugins compatible for Editor in 0.20 ms, found 0 plugins.
Preloading 0 native plugins for Editor in 0.00 ms.
Mono: successfully reloaded assembly
- Completed reload, in  0.562 seconds
Platform modules already initialized, skipping
Refreshing native plugins compatible for Editor in 0.16 ms, found 0 plugins.
Preloading 0 native plugins for Editor in 0.00 ms.
Unloading 1113 Unused Serialized files (Serialized files now loaded: 0)
System memory in use before: 60.1 MB.
System memory in use after: 60.2 MB.

Unloading 4 unused Assets to reduce memory usage. Loaded Objects now: 1634.
Total: 1.701900 ms (FindLiveObjects: 0.136900 ms CreateObjectMapping: 0.031300 ms MarkObjects: 1.520500 ms  DeleteObjects: 0.012600 ms)

========================================================================
Received Prepare
Registering precompiled user dll's ...
Registered in 0.000440 seconds.
Begin MonoManager ReloadAssembly
Native extension for WindowsStandalone target not found
Native extension for WebGL target not found
Refreshing native plugins compatible for Editor in 0.21 ms, found 0 plugins.
Preloading 0 native plugins for Editor in 0.00 ms.
Mono: successfully reloaded assembly
- Completed reload, in  0.583 seconds
Platform modules already initialized, skipping
Refreshing native plugins compatible for Editor in 0.18 ms, found 0 plugins.
Preloading 0 native plugins for Editor in 0.00 ms.
Unloading 1113 Unused Serialized files (Serialized files now loaded: 0)
System memory in use before: 60.1 MB.
System memory in use after: 60.2 MB.

Unloading 4 unused Assets to reduce memory usage. Loaded Objects now: 1637.
Total: 1.391300 ms (FindLiveObjects: 0.123300 ms CreateObjectMapping: 0.032900 ms MarkObjects: 1.224300 ms  DeleteObjects: 0.010000 ms)

AssetImportWorkerClient::OnTransportError - code=2 error=End of file
