Using pre-set license
Built from '2020.3/staging' branch; Version is '2020.3.5f1 (8095aa901b9b) revision 8426922'; Using compiler version '192528614'; Build Type 'Release'
OS: 'Windows 10 Pro; OS build 22000.795; Version 2009; 64bit' Language: 'en' Physical Memory: 8110 MB
BatchMode: 1, IsHumanControllingUs: 0, StartBugReporterOnCrash: 0, Is64bit: 1, IsPro: 0

 COMMAND LINE ARGUMENTS:
C:\Users\bridg\Desktop\Unity Versions\Unity\2020.3.5f1\Editor\Unity.exe
-adb2
-batchMode
-noUpm
-name
AssetImportWorker0
-projectPath
C:/Users/bridg/Desktop/Git Uploads/UIProgramming/OptionsDialog
-logFile
Logs/AssetImportWorker0.log
-srvPort
49288
Successfully changed project path to: C:/Users/bridg/Desktop/Git Uploads/UIProgramming/OptionsDialog
C:/Users/bridg/Desktop/Git Uploads/UIProgramming/OptionsDialog
Using Asset Import Pipeline V2.
Refreshing native plugins compatible for Editor in 24.79 ms, found 0 plugins.
Preloading 0 native plugins for Editor in 0.00 ms.
Initialize engine version: 2020.3.5f1 (8095aa901b9b)
[Subsystems] Discovering subsystems at path C:/Users/bridg/Desktop/Unity Versions/Unity/2020.3.5f1/Editor/Data/Resources/UnitySubsystems
[Subsystems] Discovering subsystems at path C:/Users/bridg/Desktop/Git Uploads/UIProgramming/OptionsDialog/Assets
GfxDevice: creating device client; threaded=0
Direct3D:
    Version:  Direct3D 11.0 [level 11.1]
    Renderer: NVIDIA GeForce GTX 1050 (ID=0x1c8d)
    Vendor:   
    VRAM:     4021 MB
    Driver:   30.0.15.1215
Initialize mono
Mono path[0] = 'C:/Users/bridg/Desktop/Unity Versions/Unity/2020.3.5f1/Editor/Data/Managed'
Mono path[1] = 'C:/Users/bridg/Desktop/Unity Versions/Unity/2020.3.5f1/Editor/Data/MonoBleedingEdge/lib/mono/unityjit'
Mono config path = 'C:/Users/bridg/Desktop/Unity Versions/Unity/2020.3.5f1/Editor/Data/MonoBleedingEdge/etc'
Using monoOptions --debugger-agent=transport=dt_socket,embedding=1,server=y,suspend=n,address=127.0.0.1:56748
Begin MonoManager ReloadAssembly
Registering precompiled unity dll's ...
Register platform support module: C:/Users/bridg/Desktop/Unity Versions/Unity/2020.3.5f1/Editor/Data/PlaybackEngines/WebGLSupport/UnityEditor.WebGL.Extensions.dll
Register platform support module: C:/Users/bridg/Desktop/Unity Versions/Unity/2020.3.5f1/Editor/Data/PlaybackEngines/MacStandaloneSupport/UnityEditor.OSXStandalone.Extensions.dll
Register platform support module: C:/Users/bridg/Desktop/Unity Versions/Unity/2020.3.5f1/Editor/Data/PlaybackEngines/WindowsStandaloneSupport/UnityEditor.WindowsStandalone.Extensions.dll
Register platform support module: C:/Users/bridg/Desktop/Unity Versions/Unity/2020.3.5f1/Editor/Data/PlaybackEngines/LinuxStandaloneSupport/UnityEditor.LinuxStandalone.Extensions.dll
Register platform support module: C:/Users/bridg/Desktop/Unity Versions/Unity/2020.3.5f1/Editor/Data/PlaybackEngines/LuminSupport/UnityEditor.Lumin.Extensions.dll
Registered in 0.008025 seconds.
Native extension for Lumin target not found
Native extension for LinuxStandalone target not found
Native extension for WindowsStandalone target not found
Native extension for OSXStandalone target not found
Native extension for WebGL target not found
Refreshing native plugins compatible for Editor in 22.53 ms, found 0 plugins.
Preloading 0 native plugins for Editor in 0.00 ms.
Mono: successfully reloaded assembly
- Completed reload, in  4.936 seconds
Platform modules already initialized, skipping
Registering precompiled user dll's ...
Registered in 0.013698 seconds.
Begin MonoManager ReloadAssembly
Native extension for Lumin target not found
Native extension for LinuxStandalone target not found
Native extension for WindowsStandalone target not found
Native extension for OSXStandalone target not found
Native extension for WebGL target not found
Refreshing native plugins compatible for Editor in 0.22 ms, found 0 plugins.
Preloading 0 native plugins for Editor in 0.00 ms.
Mono: successfully reloaded assembly
- Completed reload, in  0.876 seconds
Platform modules already initialized, skipping
========================================================================
Worker process is ready to serve import requests
Launched and connected shader compiler UnityShaderCompiler.exe after 0.07 seconds
Refreshing native plugins compatible for Editor in 0.24 ms, found 0 plugins.
Preloading 0 native plugins for Editor in 0.00 ms.
Unloading 1128 Unused Serialized files (Serialized files now loaded: 0)
System memory in use before: 58.8 MB.
System memory in use after: 58.9 MB.

Unloading 9 unused Assets to reduce memory usage. Loaded Objects now: 1572.
Total: 1.614700 ms (FindLiveObjects: 0.138200 ms CreateObjectMapping: 0.038300 ms MarkObjects: 1.375100 ms  DeleteObjects: 0.061600 ms)

========================================================================
Received Import Request.
  path: Assets/New Folder/FloatEditor.prefab
  artifactKey: Guid(fcc43a8dd6bd54a4cb4783f690c044c5) Importer(815301076,1909f56bfc062723c751e8b465ee728b)
Start importing Assets/New Folder/FloatEditor.prefab using Guid(fcc43a8dd6bd54a4cb4783f690c044c5) Importer(815301076,1909f56bfc062723c751e8b465ee728b)  -> (artifact id: 'aa3abe958e119fd9768c1e2910131c7c') in 0.193032 seconds
  Import took 0.196702 seconds .

========================================================================
Received Import Request.
  Time since last request: 277.632525 seconds.
  path: Assets/Scripts/FloatEditor.cs
  artifactKey: Guid(ecd542f7dfcb05140a0def46a5ff2045) Importer(815301076,1909f56bfc062723c751e8b465ee728b)
Start importing Assets/Scripts/FloatEditor.cs using Guid(ecd542f7dfcb05140a0def46a5ff2045) Importer(815301076,1909f56bfc062723c751e8b465ee728b)  -> (artifact id: 'c7a533fe49cc0c04ca22f784e922ffaf') in 0.012040 seconds
  Import took 0.015521 seconds .

========================================================================
Received Import Request.
  Time since last request: 211.079622 seconds.
  path: Assets/Scripts/SettingsUI.cs
  artifactKey: Guid(4d4cfe7300c7eac45b604e26bc942555) Importer(815301076,1909f56bfc062723c751e8b465ee728b)
Start importing Assets/Scripts/SettingsUI.cs using Guid(4d4cfe7300c7eac45b604e26bc942555) Importer(815301076,1909f56bfc062723c751e8b465ee728b)  -> (artifact id: '23f0b12cac7a7d7491fac50129da2b3c') in 0.025496 seconds
  Import took 0.155636 seconds .

AssetImportWorkerClient::OnTransportError - code=2 error=End of file
