Using pre-set license
Built from '2020.3/staging' branch; Version is '2020.3.5f1 (8095aa901b9b) revision 8426922'; Using compiler version '192528614'; Build Type 'Release'
OS: 'Windows 10 Pro; OS build 22000.795; Version 2009; 64bit' Language: 'en' Physical Memory: 8110 MB
BatchMode: 1, IsHumanControllingUs: 0, StartBugReporterOnCrash: 0, Is64bit: 1, IsPro: 0

 COMMAND LINE ARGUMENTS:
C:\Users\bridg\Desktop\Unity Versions\Unity\2020.3.5f1\Editor\Unity.exe
-adb2
-batchMode
-noUpm
-name
AssetImportWorker1
-projectPath
C:/Users/bridg/Desktop/Git Uploads/UIProgramming/GUITutorial/GUIGame
-logFile
Logs/AssetImportWorker1.log
-srvPort
62743
Successfully changed project path to: C:/Users/bridg/Desktop/Git Uploads/UIProgramming/GUITutorial/GUIGame
C:/Users/bridg/Desktop/Git Uploads/UIProgramming/GUITutorial/GUIGame
Using Asset Import Pipeline V2.
Refreshing native plugins compatible for Editor in 67.58 ms, found 0 plugins.
Preloading 0 native plugins for Editor in 0.00 ms.
Initialize engine version: 2020.3.5f1 (8095aa901b9b)
[Subsystems] Discovering subsystems at path C:/Users/bridg/Desktop/Unity Versions/Unity/2020.3.5f1/Editor/Data/Resources/UnitySubsystems
[Subsystems] Discovering subsystems at path C:/Users/bridg/Desktop/Git Uploads/UIProgramming/GUITutorial/GUIGame/Assets
GfxDevice: creating device client; threaded=0
Direct3D:
    Version:  Direct3D 11.0 [level 11.1]
    Renderer: NVIDIA GeForce GTX 1050 (ID=0x1c8d)
    Vendor:   
    VRAM:     4021 MB
    Driver:   30.0.15.1215
Initialize mono
Mono path[0] = 'C:/Users/bridg/Desktop/Unity Versions/Unity/2020.3.5f1/Editor/Data/Managed'
Mono path[1] = 'C:/Users/bridg/Desktop/Unity Versions/Unity/2020.3.5f1/Editor/Data/MonoBleedingEdge/lib/mono/unityjit'
Mono config path = 'C:/Users/bridg/Desktop/Unity Versions/Unity/2020.3.5f1/Editor/Data/MonoBleedingEdge/etc'
Using monoOptions --debugger-agent=transport=dt_socket,embedding=1,server=y,suspend=n,address=127.0.0.1:56344
Begin MonoManager ReloadAssembly
Registering precompiled unity dll's ...
Register platform support module: C:/Users/bridg/Desktop/Unity Versions/Unity/2020.3.5f1/Editor/Data/PlaybackEngines/WebGLSupport/UnityEditor.WebGL.Extensions.dll
Register platform support module: C:/Users/bridg/Desktop/Unity Versions/Unity/2020.3.5f1/Editor/Data/PlaybackEngines/MacStandaloneSupport/UnityEditor.OSXStandalone.Extensions.dll
Register platform support module: C:/Users/bridg/Desktop/Unity Versions/Unity/2020.3.5f1/Editor/Data/PlaybackEngines/WindowsStandaloneSupport/UnityEditor.WindowsStandalone.Extensions.dll
Register platform support module: C:/Users/bridg/Desktop/Unity Versions/Unity/2020.3.5f1/Editor/Data/PlaybackEngines/LinuxStandaloneSupport/UnityEditor.LinuxStandalone.Extensions.dll
Register platform support module: C:/Users/bridg/Desktop/Unity Versions/Unity/2020.3.5f1/Editor/Data/PlaybackEngines/LuminSupport/UnityEditor.Lumin.Extensions.dll
Registered in 0.011298 seconds.
Native extension for Lumin target not found
Native extension for LinuxStandalone target not found
Native extension for WindowsStandalone target not found
Native extension for OSXStandalone target not found
Native extension for WebGL target not found
Refreshing native plugins compatible for Editor in 44.40 ms, found 0 plugins.
Preloading 0 native plugins for Editor in 0.00 ms.
Mono: successfully reloaded assembly
- Completed reload, in 25.742 seconds
Platform modules already initialized, skipping
Registering precompiled user dll's ...
Registered in 0.050453 seconds.
